# JRE version: OpenJDK Runtime Environment (8.0_112-b06) (build 1.8.0_112-release-b06)
# Java VM: OpenJDK 64-Bit Server VM (25.112-b06 mixed mode windows-amd64 compressed oops)
Heap:
 PSYoungGen      total 321024K, used 207939K [0x00000000e0000000, 0x00000000f9500000, 0x0000000100000000)
  eden space 291328K, 71% used [0x00000000e0000000,0x00000000ecb10ed8,0x00000000f1c80000)
  from space 29696K, 0% used [0x00000000f6280000,0x00000000f6280000,0x00000000f7f80000)
  to   space 22016K, 0% used [0x00000000f7f80000,0x00000000f7f80000,0x00000000f9500000)
 ParOldGen       total 117760K, used 77931K [0x00000000a0000000, 0x00000000a7300000, 0x00000000e0000000)
  object space 117760K, 66% used [0x00000000a0000000,0x00000000a4c1ad58,0x00000000a7300000)
 Metaspace       used 73769K, capacity 77796K, committed 78040K, reserved 1118208K
  class space    used 9405K, capacity 10091K, committed 10200K, reserved 1048576K
GC Heap History (10 events):
Event: 864.064 GC heap before
{Heap before GC invocations=21 (full 3):
 PSYoungGen      total 376832K, used 354045K [0x00000000e0000000, 0x00000000fcb00000, 0x0000000100000000)
  eden space 350720K, 100% used [0x00000000e0000000,0x00000000f5680000,0x00000000f5680000)
  from space 26112K, 12% used [0x00000000f5680000,0x00000000f59bf608,0x00000000f7000000)
  to   space 25600K, 0% used [0x00000000fb200000,0x00000000fb200000,0x00000000fcb00000)
 ParOldGen       total 81408K, used 60936K [0x00000000a0000000, 0x00000000a4f80000, 0x00000000e0000000)
  object space 81408K, 74% used [0x00000000a0000000,0x00000000a3b82160,0x00000000a4f80000)
 Metaspace       used 72480K, capacity 75948K, committed 76120K, reserved 1116160K
  class space    used 9317K, capacity 9967K, committed 10072K, reserved 1048576K
Event: 864.154 GC heap after
Heap after GC invocations=21 (full 3):
 PSYoungGen      total 360448K, used 25584K [0x00000000e0000000, 0x00000000fcb00000, 0x0000000100000000)
  eden space 334848K, 0% used [0x00000000e0000000,0x00000000e0000000,0x00000000f4700000)
  from space 25600K, 99% used [0x00000000fb200000,0x00000000fcafc160,0x00000000fcb00000)
  to   space 31744K, 0% used [0x00000000f8d00000,0x00000000f8d00000,0x00000000fac00000)
 ParOldGen       total 81408K, used 65456K [0x00000000a0000000, 0x00000000a4f80000, 0x00000000e0000000)
  object space 81408K, 80% used [0x00000000a0000000,0x00000000a3fec3f8,0x00000000a4f80000)
 Metaspace       used 72480K, capacity 75948K, committed 76120K, reserved 1116160K
  class space    used 9317K, capacity 9967K, committed 10072K, reserved 1048576K
}
Event: 1439.456 GC heap before
{Heap before GC invocations=22 (full 3):
 PSYoungGen      total 360448K, used 360432K [0x00000000e0000000, 0x00000000fcb00000, 0x0000000100000000)
  eden space 334848K, 100% used [0x00000000e0000000,0x00000000f4700000,0x00000000f4700000)
  from space 25600K, 99% used [0x00000000fb200000,0x00000000fcafc160,0x00000000fcb00000)
  to   space 31744K, 0% used [0x00000000f8d00000,0x00000000f8d00000,0x00000000fac00000)
 ParOldGen       total 81408K, used 65456K [0x00000000a0000000, 0x00000000a4f80000, 0x00000000e0000000)
  object space 81408K, 80% used [0x00000000a0000000,0x00000000a3fec3f8,0x00000000a4f80000)
 Metaspace       used 72831K, capacity 76444K, committed 76632K, reserved 1116160K
  class space    used 9344K, capacity 10001K, committed 10072K, reserved 1048576K
Event: 1439.516 GC heap after
Heap after GC invocations=22 (full 3):
 PSYoungGen      total 324608K, used 4996K [0x00000000e0000000, 0x00000000fb280000, 0x0000000100000000)
  eden space 319488K, 0% used [0x00000000e0000000,0x00000000e0000000,0x00000000f3800000)
  from space 5120K, 97% used [0x00000000f8d00000,0x00000000f91e12f0,0x00000000f9200000)
  to   space 30720K, 0% used [0x00000000f9480000,0x00000000f9480000,0x00000000fb280000)
 ParOldGen       total 81408K, used 69026K [0x00000000a0000000, 0x00000000a4f80000, 0x00000000e0000000)
  object space 81408K, 84% used [0x00000000a0000000,0x00000000a4368858,0x00000000a4f80000)
 Metaspace       used 72831K, capacity 76444K, committed 76632K, reserved 1116160K
  class space    used 9344K, capacity 10001K, committed 10072K, reserved 1048576K
}
Event: 1546.877 GC heap before
{Heap before GC invocations=23 (full 3):
 PSYoungGen      total 324608K, used 324457K [0x00000000e0000000, 0x00000000fb280000, 0x0000000100000000)
  eden space 319488K, 99% used [0x00000000e0000000,0x00000000f37f9300,0x00000000f3800000)
  from space 5120K, 97% used [0x00000000f8d00000,0x00000000f91e12f0,0x00000000f9200000)
  to   space 30720K, 0% used [0x00000000f9480000,0x00000000f9480000,0x00000000fb280000)
 ParOldGen       total 81408K, used 69026K [0x00000000a0000000, 0x00000000a4f80000, 0x00000000e0000000)
  object space 81408K, 84% used [0x00000000a0000000,0x00000000a4368858,0x00000000a4f80000)
 Metaspace       used 73684K, capacity 77744K, committed 78040K, reserved 1118208K
  class space    used 9416K, capacity 10117K, committed 10200K, reserved 1048576K
Event: 1546.895 GC heap after
Heap after GC invocations=23 (full 3):
 PSYoungGen      total 313344K, used 7717K [0x00000000e0000000, 0x00000000f9c80000, 0x0000000100000000)
  eden space 305152K, 0% used [0x00000000e0000000,0x00000000e0000000,0x00000000f2a00000)
  from space 8192K, 94% used [0x00000000f9480000,0x00000000f9c09618,0x00000000f9c80000)
  to   space 29696K, 0% used [0x00000000f6280000,0x00000000f6280000,0x00000000f7f80000)
 ParOldGen       total 81408K, used 69034K [0x00000000a0000000, 0x00000000a4f80000, 0x00000000e0000000)
  object space 81408K, 84% used [0x00000000a0000000,0x00000000a436a858,0x00000000a4f80000)
 Metaspace       used 73684K, capacity 77744K, committed 78040K, reserved 1118208K
  class space    used 9416K, capacity 10117K, committed 10200K, reserved 1048576K
}
Event: 1554.300 GC heap before
{Heap before GC invocations=24 (full 3):
 PSYoungGen      total 313344K, used 312869K [0x00000000e0000000, 0x00000000f9c80000, 0x0000000100000000)
  eden space 305152K, 100% used [0x00000000e0000000,0x00000000f2a00000,0x00000000f2a00000)
  from space 8192K, 94% used [0x00000000f9480000,0x00000000f9c09618,0x00000000f9c80000)
  to   space 29696K, 0% used [0x00000000f6280000,0x00000000f6280000,0x00000000f7f80000)
 ParOldGen       total 81408K, used 69034K [0x00000000a0000000, 0x00000000a4f80000, 0x00000000e0000000)
  object space 81408K, 84% used [0x00000000a0000000,0x00000000a436a858,0x00000000a4f80000)
 Metaspace       used 73756K, capacity 77808K, committed 78040K, reserved 1118208K
  class space    used 9416K, capacity 10117K, committed 10200K, reserved 1048576K
Event: 1554.353 GC heap after
Heap after GC invocations=24 (full 3):
 PSYoungGen      total 321024K, used 29686K [0x00000000e0000000, 0x00000000f9500000, 0x0000000100000000)
  eden space 291328K, 0% used [0x00000000e0000000,0x00000000e0000000,0x00000000f1c80000)
  from space 29696K, 99% used [0x00000000f6280000,0x00000000f7f7da88,0x00000000f7f80000)
  to   space 22016K, 0% used [0x00000000f7f80000,0x00000000f7f80000,0x00000000f9500000)
 ParOldGen       total 81408K, used 75740K [0x00000000a0000000, 0x00000000a4f80000, 0x00000000e0000000)
  object space 81408K, 93% used [0x00000000a0000000,0x00000000a49f7088,0x00000000a4f80000)
 Metaspace       used 73756K, capacity 77808K, committed 78040K, reserved 1118208K
  class space    used 9416K, capacity 10117K, committed 10200K, reserved 1048576K
}
Event: 1554.353 GC heap before
{Heap before GC invocations=25 (full 4):
 PSYoungGen      total 321024K, used 29686K [0x00000000e0000000, 0x00000000f9500000, 0x0000000100000000)
  eden space 291328K, 0% used [0x00000000e0000000,0x00000000e0000000,0x00000000f1c80000)
  from space 29696K, 99% used [0x00000000f6280000,0x00000000f7f7da88,0x00000000f7f80000)
  to   space 22016K, 0% used [0x00000000f7f80000,0x00000000f7f80000,0x00000000f9500000)
 ParOldGen       total 81408K, used 75740K [0x00000000a0000000, 0x00000000a4f80000, 0x00000000e0000000)
  object space 81408K, 93% used [0x00000000a0000000,0x00000000a49f7088,0x00000000a4f80000)
 Metaspace       used 73756K, capacity 77808K, committed 78040K, reserved 1118208K
  class space    used 9416K, capacity 10117K, committed 10200K, reserved 1048576K
Event: 1554.839 GC heap after
Heap after GC invocations=25 (full 4):
 PSYoungGen      total 321024K, used 0K [0x00000000e0000000, 0x00000000f9500000, 0x0000000100000000)
  eden space 291328K, 0% used [0x00000000e0000000,0x00000000e0000000,0x00000000f1c80000)
  from space 29696K, 0% used [0x00000000f6280000,0x00000000f6280000,0x00000000f7f80000)
  to   space 22016K, 0% used [0x00000000f7f80000,0x00000000f7f80000,0x00000000f9500000)
 ParOldGen       total 117760K, used 77931K [0x00000000a0000000, 0x00000000a7300000, 0x00000000e0000000)
  object space 117760K, 66% used [0x00000000a0000000,0x00000000a4c1ad58,0x00000000a7300000)
 Metaspace       used 73648K, capacity 77628K, committed 78040K, reserved 1118208K
  class space    used 9397K, capacity 10081K, committed 10200K, reserved 1048576K
}

